17:23:46.304 [main] INFO  - ---- TestCase_01_EnteringRequiredValuesInHomePage Started ----
17:23:48.361 [main] INFO  - ---- TestCase_01_EnteringRequiredValuesInHomePage Ended ----
17:23:48.558 [main] INFO  - ---- TC_02_EMIPaymentTable Started ----
17:23:50.148 [main] INFO  - ---- TC_02_EMIPaymentTable Started Ended ----
17:23:50.268 [main] INFO  - ---- TestCase_03_YearTableInExcel Started ----
17:23:57.277 [main] INFO  - ---- TC_03StoringTheYearTableInExcel Ended ----
17:23:57.430 [main] INFO  - ---- TestCase_05_EMICalculator_ScaleChangeForLoanAmountTextBoxAndSlider Started ----
17:23:59.193 [main] INFO  - ---- TestCase_05_EMICalculator_ScaleChangeForLoanAmountTextBoxAndSlider Ended ----
17:23:59.349 [main] INFO  - ---- TestCase_06_EMICalculator_ValidatingInterestRateTextBoxAndSlider Started ----
17:23:59.934 [main] INFO  - ---- TestCase_06_EMICalculator_ValidatingInterestRateTextBoxAndSlider Ended ----
17:24:00.141 [main] INFO  - ---- TestCase_07_EMICalculator_ScaleChangeForInterestRateTextBoxAndSlider Started ----
17:24:01.669 [main] INFO  - ---- TestCase_07_EMICalculator_ScaleChangeForInterestRateTextBoxAndSlider Ended ----
17:24:01.970 [main] INFO  - ---- TestCase_08_EMICalculator_ValidatingLoanTenureTextBoxAndSlider Started ----
17:24:02.695 [main] INFO  - ---- TestCase_08_EMICalculator_ValidatingLoanTenureTextBoxAndSlider Ended ----
17:24:02.859 [main] INFO  - ---- TestCase_09_EMICalculator_ScaleChangeForLoanTenureTextBoxAndSlider Started ----
17:24:04.262 [main] INFO  - ---- TestCase_09_EMICalculator_ScaleChangeForLoanTenureTextBoxAndSlider Ended ----
17:24:04.426 [main] INFO  - ---- TestCase_10_EMICalculator_ValidatingFeesAndChargesTextBoxAndSlider Started ----
17:24:04.913 [main] INFO  - ---- TestCase_10_EMICalculator_ValidatingFeesAndChargesTextBoxAndSlider Ended ----
17:24:05.074 [main] INFO  - ---- TestCase_11_EMICalculator_ScaleChangeForFeesAndChargesTextBoxAndSlider Started ----
17:24:06.504 [main] INFO  - ---- TestCase_11_EMICalculator_ScaleChangeForFeesAndChargesTextBoxAndSlider Ended ----
17:24:06.712 [main] INFO  - ---- TestCase_12_EMICalculator_ValidationForYearAndMonthOption Started ----
17:24:07.408 [main] INFO  - ---- TestCase_12_EMICalculator_ValidationForYearAndMonthOption Ended ----
17:24:07.609 [main] INFO  - ---- TestCase_13_LoanAmtCalculator_ValidatingEMITextBoxAndSlider Started ----
17:24:08.328 [main] INFO  - ---- TestCase_13_LoanAmtCalculator_ValidatingEMITextBoxAndSlider Ended ----
17:24:08.487 [main] INFO  - ---- TestCase_14_LoanAmtCalculator_ValidatingInterestRateTextBoxAndSlider Started ----
17:24:09.177 [main] INFO  - ---- TestCase_14_LoanAmtCalculator_ValidatingInterestRateTextBoxAndSlider Ended ----
17:24:09.393 [main] INFO  - ---- TestCase_15_LoanAmtCalculator_ScaleChangeForInterestRateTextBoxAndSlider Started ----
17:24:11.108 [main] INFO  - ---- TestCase_15_LoanAmtCalculator_ScaleChangeForInterestRateTextBoxAndSlider Ended ----
17:24:11.307 [main] INFO  - ---- TestCase_16_LoanAmtCalculator_ValidatingLoanTenureTextBoxAndSlider Started ----
17:24:12.153 [main] INFO  - ---- TestCase_16_LoanAmtCalculator_ValidatingLoanTenureTextBoxAndSlider Ended ----
17:24:12.344 [main] INFO  - ---- TestCase_17_LoanAmtCalculator_ScaleChangeForLoanTenureTextBoxAndSlider Started ----
17:24:13.909 [main] INFO  - ---- TestCase_17_LoanAmtCalculator_ScaleChangeForLoanTenureTextBoxAndSlider Ended ----
17:24:14.068 [main] INFO  - ---- TestCase_18_LoanAmtCalculator_ValidatingFeesAndChargesTextBoxAndSlider Started ----
17:24:14.871 [main] INFO  - ---- TestCase_18_LoanAmtCalculator_ValidatingFeesAndChargesTextBoxAndSlider Ended ----
17:24:15.076 [main] INFO  - ---- TestCase_19_LoanAmtCalculator_ValidationForYearAndMonthOption Started ----
17:24:15.656 [main] INFO  - ---- TestCase_19_LoanAmtCalculator_ValidationForYearAndMonthOption Ended ----
17:24:15.823 [main] INFO  - ---- TestCase_20_LoanAmtCalculator_ScaleChangeForFeesAndChargesTextBoxAndSlider Started ----
17:24:17.382 [main] INFO  - ---- TestCase_20_LoanAmtCalculator_ScaleChangeForFeesAndChargesTextBoxAndSlider Ended ----
17:24:17.538 [main] INFO  - ---- TestCase_21_LoanTenureCalculator_ValidatingLoanAmountTextBoxAndSlider Started ----
17:24:18.205 [main] INFO  - ---- TestCase_21_LoanTenureCalculator_ValidatingLoanAmountTextBoxAndSlider Ended ----
17:24:18.369 [main] INFO  - ---- TestCase_22_LoanTenureCalculator_ScaleChangeForLoanAmountTextBoxAndSlider Started ----
17:24:19.813 [main] INFO  - ---- TestCase_22_LoanTenureCalculator_ScaleChangeForLoanAmountTextBoxAndSlider Ended ----
17:24:20.020 [main] INFO  - ---- TestCase_23_LoanTenureCalculator_ValidatingEMITextBoxAndSlider Started ----
17:24:20.842 [main] INFO  - ---- TestCase_23_LoanTenureCalculator_ValidatingEMITextBoxAndSlider Ended ----
17:24:21.050 [main] INFO  - ---- TestCase_24_LoanTenureCalculator_ValidatingInterestRateTextBoxAndSlider Started ----
17:24:21.685 [main] INFO  - ---- TestCase_24_LoanTenureCalculator_ValidatingInterestRateTextBoxAndSlider Ended ----
17:24:21.857 [main] INFO  - ---- TestCase_25_LoanTenureCalculator_ScaleChangeForInterestRateTextBoxAndSlider Started ----
17:24:23.431 [main] INFO  - ---- TestCase_25_LoanTenureCalculator_ScaleChangeForInterestRateTextBoxAndSlider Ended ----
17:24:23.592 [main] INFO  - ---- TestCase_26_LoanTenureCalculator_ValidatingFeesAndChargesTextBoxAndSlider Started ----
17:24:24.311 [main] INFO  - ---- TestCase_26_LoanTenureCalculator_ValidatingFeesAndChargesTextBoxAndSlider Ended ----
17:24:24.486 [main] INFO  - ---- TestCase_27_LoanTenureCalculator_ScaleChangeForFeesAndChargesTextBoxAndSlider Started ----
17:24:25.892 [main] INFO  - ---- TestCase_27_LoanTenureCalculator_ScaleChangeForFeesAndChargesTextBoxAndSlider Ended ----
15:27:13.094 [main] INFO  - ---- TestCase_01_EnteringRequiredValuesInHomePage Started ----
15:27:16.976 [main] INFO  - ---- TestCase_01_EnteringRequiredValuesInHomePage Ended ----
15:27:17.152 [main] INFO  - ---- TC_02_EMIPaymentTable Started ----
15:27:18.417 [main] INFO  - ---- TC_02_EMIPaymentTable Started Ended ----
15:27:18.521 [main] INFO  - ---- TestCase_03_YearTableInExcel Started ----
15:27:24.026 [main] INFO  - ---- TC_03StoringTheYearTableInExcel Ended ----
15:27:24.148 [main] INFO  - ---- TestCase_04_EMICalculator_ValidatingLoanAmountTextBoxAndSlider Started ----
15:27:25.926 [main] INFO  - ---- TestCase_04_EMICalculator_ValidatingLoanAmountTextBoxAndSlider Ended ----
15:27:26.185 [main] INFO  - ---- TestCase_05_EMICalculator_ScaleChangeForLoanAmountTextBoxAndSlider Started ----
15:27:29.108 [main] INFO  - ---- TestCase_05_EMICalculator_ScaleChangeForLoanAmountTextBoxAndSlider Ended ----
15:27:29.428 [main] INFO  - ---- TestCase_06_EMICalculator_ValidatingInterestRateTextBoxAndSlider Started ----
15:27:30.723 [main] INFO  - ---- TestCase_06_EMICalculator_ValidatingInterestRateTextBoxAndSlider Ended ----
15:27:31.037 [main] INFO  - ---- TestCase_07_EMICalculator_ScaleChangeForInterestRateTextBoxAndSlider Started ----
15:27:33.207 [main] INFO  - ---- TestCase_07_EMICalculator_ScaleChangeForInterestRateTextBoxAndSlider Ended ----
15:27:33.547 [main] INFO  - ---- TestCase_08_EMICalculator_ValidatingLoanTenureTextBoxAndSlider Started ----
15:27:34.779 [main] INFO  - ---- TestCase_08_EMICalculator_ValidatingLoanTenureTextBoxAndSlider Ended ----
15:27:35.077 [main] INFO  - ---- TestCase_09_EMICalculator_ScaleChangeForLoanTenureTextBoxAndSlider Started ----
15:27:37.172 [main] INFO  - ---- TestCase_09_EMICalculator_ScaleChangeForLoanTenureTextBoxAndSlider Ended ----
15:27:37.468 [main] INFO  - ---- TestCase_10_EMICalculator_ValidatingFeesAndChargesTextBoxAndSlider Started ----
15:27:38.904 [main] INFO  - ---- TestCase_10_EMICalculator_ValidatingFeesAndChargesTextBoxAndSlider Ended ----
15:27:39.182 [main] INFO  - ---- TestCase_11_EMICalculator_ScaleChangeForFeesAndChargesTextBoxAndSlider Started ----
15:27:42.199 [main] INFO  - ---- TestCase_11_EMICalculator_ScaleChangeForFeesAndChargesTextBoxAndSlider Ended ----
15:27:42.461 [main] INFO  - ---- TestCase_12_EMICalculator_ValidationForYearAndMonthOption Started ----
15:27:46.273 [main] INFO  - ---- TestCase_12_EMICalculator_ValidationForYearAndMonthOption Ended ----
15:27:46.542 [main] INFO  - ---- TestCase_13_LoanAmtCalculator_ValidatingEMITextBoxAndSlider Started ----
15:27:51.172 [main] INFO  - ---- TestCase_13_LoanAmtCalculator_ValidatingEMITextBoxAndSlider Ended ----
15:27:51.331 [main] INFO  - ---- TestCase_14_LoanAmtCalculator_ValidatingInterestRateTextBoxAndSlider Started ----
15:27:51.822 [main] INFO  - ---- TestCase_14_LoanAmtCalculator_ValidatingInterestRateTextBoxAndSlider Ended ----
15:27:51.968 [main] INFO  - ---- TestCase_15_LoanAmtCalculator_ScaleChangeForInterestRateTextBoxAndSlider Started ----
15:27:55.217 [main] INFO  - ---- TestCase_15_LoanAmtCalculator_ScaleChangeForInterestRateTextBoxAndSlider Ended ----
15:27:55.377 [main] INFO  - ---- TestCase_16_LoanAmtCalculator_ValidatingLoanTenureTextBoxAndSlider Started ----
15:27:57.857 [main] INFO  - ---- TestCase_16_LoanAmtCalculator_ValidatingLoanTenureTextBoxAndSlider Ended ----
15:27:57.986 [main] INFO  - ---- TestCase_17_LoanAmtCalculator_ScaleChangeForLoanTenureTextBoxAndSlider Started ----
15:28:01.122 [main] INFO  - ---- TestCase_17_LoanAmtCalculator_ScaleChangeForLoanTenureTextBoxAndSlider Ended ----
15:28:01.266 [main] INFO  - ---- TestCase_18_LoanAmtCalculator_ValidatingFeesAndChargesTextBoxAndSlider Started ----
15:28:04.255 [main] INFO  - ---- TestCase_18_LoanAmtCalculator_ValidatingFeesAndChargesTextBoxAndSlider Ended ----
15:28:04.403 [main] INFO  - ---- TestCase_19_LoanAmtCalculator_ValidationForYearAndMonthOption Started ----
15:28:06.593 [main] INFO  - ---- TestCase_19_LoanAmtCalculator_ValidationForYearAndMonthOption Ended ----
15:28:06.753 [main] INFO  - ---- TestCase_20_LoanAmtCalculator_ScaleChangeForFeesAndChargesTextBoxAndSlider Started ----
15:28:09.837 [main] INFO  - ---- TestCase_20_LoanAmtCalculator_ScaleChangeForFeesAndChargesTextBoxAndSlider Ended ----
15:28:09.975 [main] INFO  - ---- TestCase_25_LoanTenureCalculator_ScaleChangeForInterestRateTextBoxAndSlider Started ----
15:28:11.383 [main] INFO  - ---- TestCase_25_LoanTenureCalculator_ScaleChangeForInterestRateTextBoxAndSlider Ended ----
15:28:11.513 [main] INFO  - ---- TestCase_26_LoanTenureCalculator_ValidatingFeesAndChargesTextBoxAndSlider Started ----
15:28:15.300 [main] INFO  - ---- TestCase_26_LoanTenureCalculator_ValidatingFeesAndChargesTextBoxAndSlider Ended ----
15:28:15.463 [main] INFO  - ---- TestCase_24_LoanTenureCalculator_ValidatingInterestRateTextBoxAndSlider Started ----
15:28:19.385 [main] INFO  - ---- TestCase_24_LoanTenureCalculator_ValidatingInterestRateTextBoxAndSlider Ended ----
15:28:19.539 [main] INFO  - ---- TestCase_21_LoanTenureCalculator_ValidatingLoanAmountTextBoxAndSlider Started ----
15:28:21.561 [main] INFO  - ---- TestCase_21_LoanTenureCalculator_ValidatingLoanAmountTextBoxAndSlider Ended ----
15:28:21.719 [main] INFO  - ---- TestCase_27_LoanTenureCalculator_ScaleChangeForFeesAndChargesTextBoxAndSlider Started ----
15:28:26.361 [main] INFO  - ---- TestCase_27_LoanTenureCalculator_ScaleChangeForFeesAndChargesTextBoxAndSlider Ended ----
15:28:26.505 [main] INFO  - ---- TestCase_22_LoanTenureCalculator_ScaleChangeForLoanAmountTextBoxAndSlider Started ----
15:28:29.790 [main] INFO  - ---- TestCase_22_LoanTenureCalculator_ScaleChangeForLoanAmountTextBoxAndSlider Ended ----
15:28:29.999 [main] INFO  - ---- TestCase_23_LoanTenureCalculator_ValidatingEMITextBoxAndSlider Started ----
15:28:34.634 [main] INFO  - ---- TestCase_23_LoanTenureCalculator_ValidatingEMITextBoxAndSlider Ended ----
